<testsuite failures="0" name="src/test/resources/features/readJson.feature" skipped="0" tests="1" time="1.094293">
  <testcase classname="src.test.resources.features.readJson" name="01 get call test" time="1.094293">
    <system-out>* def expectedResult = read('result.json') ................................ passed
Given url 'https://reqres.in/api/users/2' ................................. passed
When method get ........................................................... passed
Then status 200 ........................................................... passed
Then print '\nExpected Output : ', expectedResult ......................... passed
And match response == expectedResult ...................................... passed</system-out>
  </testcase>
</testsuite>
